<?xml version="1.0" encoding="UTF-8"?>
<testsuite xmlns:xsi="http://www.w3.org/2001/XMLSchema-instance" xsi:schemaLocation="https://maven.apache.org/surefire/maven-surefire-plugin/xsd/surefire-test-report.xsd" name="runner.RunnerTest" time="348.714" tests="323" errors="0" skipped="0" failures="0">
  <properties>
[...]
</properties>
  <testcase name="Dado que o usuário está na página inicial" classname="Cenario: Adicionar um novo processo" time="0.003"/>
  <testcase name="E que o usuário clica no menu Processos" classname="Cenario: Adicionar um novo processo" time="0.001"/>
  <testcase name="E o usuário clica no botão Novo Processo" classname="Cenario: Adicionar um novo processo" time="0.001"/>
  <testcase name="E o usuário preenche o campo &quot;processo_vara&quot; do tipo &quot;INPUT&quot; com valor &quot;Osasco&quot;" classname="Cenario: Adicionar um novo processo" time="0"/>
  <testcase name="E o usuário preenche o campo &quot;processo_numero_processo&quot; do tipo &quot;INPUT&quot; com valor &quot;12345&quot;" classname="Cenario: Adicionar um novo processo" time="0"/>
  <testcase name="E o usuário preenche o campo &quot;processo_natureza&quot; do tipo &quot;INPUT&quot; com valor &quot;Guarda&quot;" classname="Cenario: Adicionar um novo processo" time="0"/>
  <testcase name="E o usuário preenche o campo &quot;processo_partes&quot; do tipo &quot;INPUT&quot; com valor &quot;Lucas x Mirella&quot;" classname="Cenario: Adicionar um novo processo" time="0"/>
  <testcase name="E o usuário preenche o campo &quot;processo_urgente&quot; do tipo &quot;SELECT&quot; com valor &quot;Não&quot;" classname="Cenario: Adicionar um novo processo" time="0"/>
  <testcase name="E o usuário preenche o campo &quot;processo_arbitramento_s&quot; do tipo &quot;RADIOBUTTON&quot; para informar o valor &quot;Sim&quot;" classname="Cenario: Adicionar um novo processo" time="0"/>
  <testcase name="E o usuário preenche o campo &quot;processo_assistente_social&quot; do tipo &quot;INPUT&quot; com valor &quot;Aline&quot;" classname="Cenario: Adicionar um novo processo" time="0"/>
  <testcase name="E o usuário preenche o campo &quot;processo_data_entrada&quot; do tipo &quot;INPUT&quot; com valor &quot;17/12/2020&quot;" classname="Cenario: Adicionar um novo processo" time="0"/>
  <testcase name="E o usuário preenche o campo &quot;processo_data_saida&quot; do tipo &quot;INPUT&quot; com valor &quot;&quot;" classname="Cenario: Adicionar um novo processo" time="0.001"/>
  <testcase name="E o usuário preenche o campo &quot;processo_data_agendamento&quot; do tipo &quot;INPUT&quot; com valor &quot;&quot;" classname="Cenario: Adicionar um novo processo" time="0"/>
  <testcase name="E o usuário preenche o campo &quot;processo_status&quot; do tipo &quot;INPUT&quot; com valor &quot;Aguardando&quot;" classname="Cenario: Adicionar um novo processo" time="0"/>
  <testcase name="E o usuário preenche o campo &quot;processo_observacao&quot; do tipo &quot;INPUT&quot; com valor &quot;&quot;" classname="Cenario: Adicionar um novo processo" time="0"/>
  <testcase name="Quando o usuário clicar no botão salvar" classname="Cenario: Adicionar um novo processo" time="0"/>
  <testcase name="Então o usuário deveria ver a mensagem &quot;Processo foi criado com sucesso.&quot;" classname="Cenario: Adicionar um novo processo" time="0"/>
  <testcase name="Cenario: Adicionar um novo processo" classname="Cenario: Adicionar um novo processo" time="0.732"/>
  <testcase name="Dado que o usuário está na página inicial" classname="Cenario: Criar e mostrar o processo criado" time="0"/>
  <testcase name="E que o usuário clica no menu Processos" classname="Cenario: Criar e mostrar o processo criado" time="0"/>
  <testcase name="E o usuário clica no botão Novo Processo" classname="Cenario: Criar e mostrar o processo criado" time="0"/>
  <testcase name="E o usuário preenche o campo &quot;processo_vara&quot; do tipo &quot;INPUT&quot; com valor &quot;Osasco&quot;" classname="Cenario: Criar e mostrar o processo criado" time="0"/>
  <testcase name="E o usuário preenche o campo &quot;processo_numero_processo&quot; do tipo &quot;INPUT&quot; com valor &quot;12345&quot;" classname="Cenario: Criar e mostrar o processo criado" time="0"/>
  <testcase name="E o usuário preenche o campo &quot;processo_natureza&quot; do tipo &quot;INPUT&quot; com valor &quot;Guarda&quot;" classname="Cenario: Criar e mostrar o processo criado" time="0"/>
  <testcase name="E o usuário preenche o campo &quot;processo_partes&quot; do tipo &quot;INPUT&quot; com valor &quot;Lucas x Mirella&quot;" classname="Cenario: Criar e mostrar o processo criado" time="0.001"/>
  <testcase name="E o usuário preenche o campo &quot;processo_urgente&quot; do tipo &quot;SELECT&quot; com valor &quot;Não&quot;" classname="Cenario: Criar e mostrar o processo criado" time="0"/>
  <testcase name="E o usuário preenche o campo &quot;processo_arbitramento_s&quot; do tipo &quot;RADIOBUTTON&quot; para informar o valor &quot;Sim&quot;" classname="Cenario: Criar e mostrar o processo criado" time="0"/>
  <testcase name="E o usuário preenche o campo &quot;processo_assistente_social&quot; do tipo &quot;INPUT&quot; com valor &quot;Aline&quot;" classname="Cenario: Criar e mostrar o processo criado" time="0"/>
  <testcase name="E o usuário preenche o campo &quot;processo_data_entrada&quot; do tipo &quot;INPUT&quot; com valor &quot;17/12/2020&quot;" classname="Cenario: Criar e mostrar o processo criado" time="0"/>
  <testcase name="E o usuário preenche o campo &quot;processo_data_saida&quot; do tipo &quot;INPUT&quot; com valor &quot;&quot;" classname="Cenario: Criar e mostrar o processo criado" time="0"/>
  <testcase name="E o usuário preenche o campo &quot;processo_data_agendamento&quot; do tipo &quot;INPUT&quot; com valor &quot;&quot;" classname="Cenario: Criar e mostrar o processo criado" time="0"/>
  <testcase name="E o usuário preenche o campo &quot;processo_status&quot; do tipo &quot;INPUT&quot; com valor &quot;Aguardando&quot;" classname="Cenario: Criar e mostrar o processo criado" time="0"/>
  <testcase name="E o usuário preenche o campo &quot;processo_observacao&quot; do tipo &quot;INPUT&quot; com valor &quot;&quot;" classname="Cenario: Criar e mostrar o processo criado" time="0"/>
  <testcase name="E o usuário clicar no botão salvar" classname="Cenario: Criar e mostrar o processo criado" time="0"/>
  <testcase name="E o usuário clicar no botão voltar" classname="Cenario: Criar e mostrar o processo criado" time="0"/>
  <testcase name="Quando o usuário clicar no botão mostrar" classname="Cenario: Criar e mostrar o processo criado" time="0"/>
  <testcase name="Então o usuário deveria ver o valor &quot;Osasco&quot; no campo &quot;vara&quot;" classname="Cenario: Criar e mostrar o processo criado" time="0.001"/>
  <testcase name="E o usuário deveria ver o valor &quot;12345&quot; no campo &quot;numero&quot;" classname="Cenario: Criar e mostrar o processo criado" time="0"/>
  <testcase name="E o usuário deveria ver o valor &quot;Guarda&quot; no campo &quot;natureza&quot;" classname="Cenario: Criar e mostrar o processo criado" time="0"/>
  <testcase name="E o usuário deveria ver o valor &quot;Lucas x Mirella&quot; no campo &quot;partes&quot;" classname="Cenario: Criar e mostrar o processo criado" time="0"/>
  <testcase name="E o usuário deveria ver o valor &quot;N&quot; no campo &quot;urgente&quot;" classname="Cenario: Criar e mostrar o processo criado" time="0"/>
  <testcase name="E o usuário deveria ver o valor &quot;S&quot; no campo &quot;arbitramento&quot;" classname="Cenario: Criar e mostrar o processo criado" time="0"/>
  <testcase name="E o usuário deveria ver o valor &quot;Aline&quot; no campo &quot;as_social&quot;" classname="Cenario: Criar e mostrar o processo criado" time="0"/>
  <testcase name="E o usuário deveria ver o valor &quot;2020-12-17&quot; no campo &quot;dt_entrada&quot;" classname="Cenario: Criar e mostrar o processo criado" time="0"/>
  <testcase name="E o usuário deveria ver o valor &quot;&quot; no campo &quot;dt_saida&quot;" classname="Cenario: Criar e mostrar o processo criado" time="0"/>
  <testcase name="E o usuário deveria ver o valor &quot;&quot; no campo &quot;dt_agendamento&quot;" classname="Cenario: Criar e mostrar o processo criado" time="0"/>
  <testcase name="E o usuário deveria ver o valor &quot;Aguardando&quot; no campo &quot;status&quot;" classname="Cenario: Criar e mostrar o processo criado" time="0"/>
  <testcase name="E o usuário deveria ver o valor &quot;&quot; no campo &quot;observacao&quot;" classname="Cenario: Criar e mostrar o processo criado" time="0"/>
  <testcase name="Cenario: Criar e mostrar o processo criado" classname="Cenario: Criar e mostrar o processo criado" time="0.806"/>
  <testcase name="Dado que o usuário está na página inicial" classname="Cenário: Criar, alterar e verificar se a alteração foi aplicada" time="0.001"/>
  <testcase name="E que o usuário clica no menu Processos" classname="Cenário: Criar, alterar e verificar se a alteração foi aplicada" time="0"/>
  <testcase name="E o usuário clica no botão Novo Processo" classname="Cenário: Criar, alterar e verificar se a alteração foi aplicada" time="0"/>
  <testcase name="E o usuário preenche o campo &quot;processo_vara&quot; do tipo &quot;INPUT&quot; com valor &quot;Osasco&quot;" classname="Cenário: Criar, alterar e verificar se a alteração foi aplicada" time="0"/>
  <testcase name="E o usuário preenche o campo &quot;processo_numero_processo&quot; do tipo &quot;INPUT&quot; com valor &quot;12345&quot;" classname="Cenário: Criar, alterar e verificar se a alteração foi aplicada" time="0"/>
  <testcase name="E o usuário preenche o campo &quot;processo_natureza&quot; do tipo &quot;INPUT&quot; com valor &quot;Guarda&quot;" classname="Cenário: Criar, alterar e verificar se a alteração foi aplicada" time="0"/>
  <testcase name="E o usuário preenche o campo &quot;processo_partes&quot; do tipo &quot;INPUT&quot; com valor &quot;Lucas x Mirella&quot;" classname="Cenário: Criar, alterar e verificar se a alteração foi aplicada" time="0"/>
  <testcase name="E o usuário preenche o campo &quot;processo_urgente&quot; do tipo &quot;SELECT&quot; com valor &quot;Não&quot;" classname="Cenário: Criar, alterar e verificar se a alteração foi aplicada" time="0"/>
  <testcase name="E o usuário preenche o campo &quot;processo_arbitramento_s&quot; do tipo &quot;RADIOBUTTON&quot; para informar o valor &quot;Sim&quot;" classname="Cenário: Criar, alterar e verificar se a alteração foi aplicada" time="0"/>
  <testcase name="E o usuário preenche o campo &quot;processo_assistente_social&quot; do tipo &quot;INPUT&quot; com valor &quot;Aline&quot;" classname="Cenário: Criar, alterar e verificar se a alteração foi aplicada" time="0"/>
  <testcase name="E o usuário preenche o campo &quot;processo_data_entrada&quot; do tipo &quot;INPUT&quot; com valor &quot;17/12/2020&quot;" classname="Cenário: Criar, alterar e verificar se a alteração foi aplicada" time="0"/>
  <testcase name="E o usuário preenche o campo &quot;processo_data_saida&quot; do tipo &quot;INPUT&quot; com valor &quot;&quot;" classname="Cenário: Criar, alterar e verificar se a alteração foi aplicada" time="0"/>
  <testcase name="E o usuário preenche o campo &quot;processo_data_agendamento&quot; do tipo &quot;INPUT&quot; com valor &quot;&quot;" classname="Cenário: Criar, alterar e verificar se a alteração foi aplicada" time="0"/>
  <testcase name="E o usuário preenche o campo &quot;processo_status&quot; do tipo &quot;INPUT&quot; com valor &quot;Aguardando&quot;" classname="Cenário: Criar, alterar e verificar se a alteração foi aplicada" time="0"/>
  <testcase name="E o usuário preenche o campo &quot;processo_observacao&quot; do tipo &quot;INPUT&quot; com valor &quot;&quot;" classname="Cenário: Criar, alterar e verificar se a alteração foi aplicada" time="0"/>
  <testcase name="E o usuário clicar no botão salvar" classname="Cenário: Criar, alterar e verificar se a alteração foi aplicada" time="0"/>
  <testcase name="E o usuário clicar no botão voltar" classname="Cenário: Criar, alterar e verificar se a alteração foi aplicada" time="0.001"/>
  <testcase name="E o usuário clicar no botão editar do processo cadastrado" classname="Cenário: Criar, alterar e verificar se a alteração foi aplicada" time="0"/>
  <testcase name="E o usuário preenche o campo &quot;processo_vara&quot; do tipo &quot;INPUT&quot; com valor &quot;São Paulo&quot; na tela de edição" classname="Cenário: Criar, alterar e verificar se a alteração foi aplicada" time="0"/>
  <testcase name="Quando o usuário clicar no botão salvar na tela de edição" classname="Cenário: Criar, alterar e verificar se a alteração foi aplicada" time="0"/>
  <testcase name="Então o usuário deveria ver o valor &quot;São Paulo&quot; no campo &quot;vara&quot;" classname="Cenário: Criar, alterar e verificar se a alteração foi aplicada" time="0"/>
  <testcase name="Cenário: Criar, alterar e verificar se a alteração foi aplicada" classname="Cenário: Criar, alterar e verificar se a alteração foi aplicada" time="0.783"/>
  <testcase name="Dado que o usuário está na página inicial" classname="Cenário: Criar e deletar o processo" time="0"/>
  <testcase name="E que o usuário clica no menu Processos" classname="Cenário: Criar e deletar o processo" time="0"/>
  <testcase name="E o usuário clica no botão Novo Processo" classname="Cenário: Criar e deletar o processo" time="0"/>
  <testcase name="E o usuário preenche o campo &quot;processo_vara&quot; do tipo &quot;INPUT&quot; com valor &quot;Osasco&quot;" classname="Cenário: Criar e deletar o processo" time="0"/>
  <testcase name="E o usuário preenche o campo &quot;processo_numero_processo&quot; do tipo &quot;INPUT&quot; com valor &quot;12345&quot;" classname="Cenário: Criar e deletar o processo" time="0"/>
  <testcase name="E o usuário preenche o campo &quot;processo_natureza&quot; do tipo &quot;INPUT&quot; com valor &quot;Guarda&quot;" classname="Cenário: Criar e deletar o processo" time="0"/>
  <testcase name="E o usuário preenche o campo &quot;processo_partes&quot; do tipo &quot;INPUT&quot; com valor &quot;Lucas x Mirella&quot;" classname="Cenário: Criar e deletar o processo" time="0"/>
  <testcase name="E o usuário preenche o campo &quot;processo_urgente&quot; do tipo &quot;SELECT&quot; com valor &quot;Não&quot;" classname="Cenário: Criar e deletar o processo" time="0"/>
  <testcase name="E o usuário preenche o campo &quot;processo_arbitramento_s&quot; do tipo &quot;RADIOBUTTON&quot; para informar o valor &quot;Sim&quot;" classname="Cenário: Criar e deletar o processo" time="0"/>
  <testcase name="E o usuário preenche o campo &quot;processo_assistente_social&quot; do tipo &quot;INPUT&quot; com valor &quot;Aline&quot;" classname="Cenário: Criar e deletar o processo" time="0"/>
  <testcase name="E o usuário preenche o campo &quot;processo_data_entrada&quot; do tipo &quot;INPUT&quot; com valor &quot;17/12/2020&quot;" classname="Cenário: Criar e deletar o processo" time="0"/>
  <testcase name="E o usuário preenche o campo &quot;processo_data_saida&quot; do tipo &quot;INPUT&quot; com valor &quot;&quot;" classname="Cenário: Criar e deletar o processo" time="0"/>
  <testcase name="E o usuário preenche o campo &quot;processo_data_agendamento&quot; do tipo &quot;INPUT&quot; com valor &quot;&quot;" classname="Cenário: Criar e deletar o processo" time="0"/>
  <testcase name="E o usuário preenche o campo &quot;processo_status&quot; do tipo &quot;INPUT&quot; com valor &quot;Aguardando&quot;" classname="Cenário: Criar e deletar o processo" time="0"/>
  <testcase name="E o usuário preenche o campo &quot;processo_observacao&quot; do tipo &quot;INPUT&quot; com valor &quot;&quot;" classname="Cenário: Criar e deletar o processo" time="0"/>
  <testcase name="E o usuário clicar no botão salvar" classname="Cenário: Criar e deletar o processo" time="0"/>
  <testcase name="E o usuário clicar no botão voltar" classname="Cenário: Criar e deletar o processo" time="0"/>
  <testcase name="Quando o usuário clicar no botão apagar" classname="Cenário: Criar e deletar o processo" time="0"/>
  <testcase name="E o usuário confirmar a deleção" classname="Cenário: Criar e deletar o processo" time="0"/>
  <testcase name="Então o botão apagar não deve mais existir para o processo cadastrado" classname="Cenário: Criar e deletar o processo" time="0"/>
  <testcase name="Cenário: Criar e deletar o processo" classname="Cenário: Criar e deletar o processo" time="0.779"/>
  <testcase name="Dado que o usuário está na página inicial" classname="| Osasco | 1234 | Guarda | Lucas x Mirella | 17/12/2020 |  | Status não pode ser deixado em branco |" time="0"/>
  <testcase name="Dado que o usuário está na página inicial" classname="| Osasco | 1234 | Guarda | Lucas x Mirella | 17/12/2020 |  | Status não pode ser deixado em branco |" time="0.001"/>
  <testcase name="E que o usuário clica no menu Processos" classname="| Osasco | 1234 | Guarda | Lucas x Mirella | 17/12/2020 |  | Status não pode ser deixado em branco |" time="0"/>
  <testcase name="E que o usuário clica no menu Processos" classname="| Osasco | 1234 | Guarda | Lucas x Mirella | 17/12/2020 |  | Status não pode ser deixado em branco |" time="0"/>
  <testcase name="E o usuário clica no botão Novo Processo" classname="| Osasco | 1234 | Guarda | Lucas x Mirella | 17/12/2020 |  | Status não pode ser deixado em branco |" time="0"/>
  <testcase name="E o usuário clica no botão Novo Processo" classname="| Osasco | 1234 | Guarda | Lucas x Mirella | 17/12/2020 |  | Status não pode ser deixado em branco |" time="0"/>
  <testcase name="E o usuário preenche o campo &quot;processo_vara&quot; do tipo &quot;INPUT&quot; com valor &quot;Osasco&quot;" classname="| Osasco | 1234 | Guarda | Lucas x Mirella | 17/12/2020 |  | Status não pode ser deixado em branco |" time="0"/>
  <testcase name="E o usuário preenche o campo &quot;processo_vara&quot; do tipo &quot;INPUT&quot; com valor &quot;Osasco&quot;" classname="| Osasco | 1234 | Guarda | Lucas x Mirella | 17/12/2020 |  | Status não pode ser deixado em branco |" time="0"/>
  <testcase name="E o usuário preenche o campo &quot;processo_numero_processo&quot; do tipo &quot;INPUT&quot; com valor &quot;12345&quot;" classname="| Osasco | 1234 | Guarda | Lucas x Mirella | 17/12/2020 |  | Status não pode ser deixado em branco |" time="0"/>
  <testcase name="E o usuário preenche o campo &quot;processo_natureza&quot; do tipo &quot;INPUT&quot; com valor &quot;Guarda&quot;" classname="| Osasco | 1234 | Guarda | Lucas x Mirella | 17/12/2020 |  | Status não pode ser deixado em branco |" time="0"/>
  <testcase name="E o usuário preenche o campo &quot;processo_natureza&quot; do tipo &quot;INPUT&quot; com valor &quot;Guarda&quot;" classname="| Osasco | 1234 | Guarda | Lucas x Mirella | 17/12/2020 |  | Status não pode ser deixado em branco |" time="0"/>
  <testcase name="E o usuário preenche o campo &quot;processo_partes&quot; do tipo &quot;INPUT&quot; com valor &quot;Lucas x Mirella&quot;" classname="| Osasco | 1234 | Guarda | Lucas x Mirella | 17/12/2020 |  | Status não pode ser deixado em branco |" time="0"/>
  <testcase name="E o usuário preenche o campo &quot;processo_partes&quot; do tipo &quot;INPUT&quot; com valor &quot;Lucas x Mirella&quot;" classname="| Osasco | 1234 | Guarda | Lucas x Mirella | 17/12/2020 |  | Status não pode ser deixado em branco |" time="0"/>
  <testcase name="E o usuário preenche o campo &quot;processo_urgente&quot; do tipo &quot;SELECT&quot; com valor &quot;Não&quot;" classname="| Osasco | 1234 | Guarda | Lucas x Mirella | 17/12/2020 |  | Status não pode ser deixado em branco |" time="0"/>
  <testcase name="E o usuário preenche o campo &quot;processo_urgente&quot; do tipo &quot;SELECT&quot; com valor &quot;Não&quot;" classname="| Osasco | 1234 | Guarda | Lucas x Mirella | 17/12/2020 |  | Status não pode ser deixado em branco |" time="0"/>
  <testcase name="E o usuário preenche o campo &quot;processo_arbitramento_s&quot; do tipo &quot;RADIOBUTTON&quot; para informar o valor &quot;Sim&quot;" classname="| Osasco | 1234 | Guarda | Lucas x Mirella | 17/12/2020 |  | Status não pode ser deixado em branco |" time="0"/>
  <testcase name="E o usuário preenche o campo &quot;processo_assistente_social&quot; do tipo &quot;INPUT&quot; com valor &quot;Aline&quot;" classname="| Osasco | 1234 | Guarda | Lucas x Mirella | 17/12/2020 |  | Status não pode ser deixado em branco |" time="0"/>
  <testcase name="E o usuário preenche o campo &quot;processo_assistente_social&quot; do tipo &quot;INPUT&quot; com valor &quot;Aline&quot;" classname="| Osasco | 1234 | Guarda | Lucas x Mirella | 17/12/2020 |  | Status não pode ser deixado em branco |" time="0"/>
  <testcase name="E o usuário preenche o campo &quot;processo_data_entrada&quot; do tipo &quot;INPUT&quot; com valor &quot;17/12/2020&quot;" classname="| Osasco | 1234 | Guarda | Lucas x Mirella | 17/12/2020 |  | Status não pode ser deixado em branco |" time="0"/>
  <testcase name="E o usuário preenche o campo &quot;processo_data_entrada&quot; do tipo &quot;INPUT&quot; com valor &quot;17/12/2020&quot;" classname="| Osasco | 1234 | Guarda | Lucas x Mirella | 17/12/2020 |  | Status não pode ser deixado em branco |" time="0"/>
  <testcase name="E o usuário preenche o campo &quot;processo_data_saida&quot; do tipo &quot;INPUT&quot; com valor &quot;&quot;" classname="| Osasco | 1234 | Guarda | Lucas x Mirella | 17/12/2020 |  | Status não pode ser deixado em branco |" time="0"/>
  <testcase name="E o usuário preenche o campo &quot;processo_data_saida&quot; do tipo &quot;INPUT&quot; com valor &quot;&quot;" classname="| Osasco | 1234 | Guarda | Lucas x Mirella | 17/12/2020 |  | Status não pode ser deixado em branco |" time="0"/>
  <testcase name="E o usuário preenche o campo &quot;processo_data_agendamento&quot; do tipo &quot;INPUT&quot; com valor &quot;&quot;" classname="| Osasco | 1234 | Guarda | Lucas x Mirella | 17/12/2020 |  | Status não pode ser deixado em branco |" time="0"/>
  <testcase name="E o usuário preenche o campo &quot;processo_data_agendamento&quot; do tipo &quot;INPUT&quot; com valor &quot;&quot;" classname="| Osasco | 1234 | Guarda | Lucas x Mirella | 17/12/2020 |  | Status não pode ser deixado em branco |" time="0"/>
  <testcase name="E o usuário preenche o campo &quot;processo_status&quot; do tipo &quot;INPUT&quot; com valor &quot;Aguardando&quot;" classname="| Osasco | 1234 | Guarda | Lucas x Mirella | 17/12/2020 |  | Status não pode ser deixado em branco |" time="0"/>
  <testcase name="E o usuário preenche o campo &quot;processo_observacao&quot; do tipo &quot;INPUT&quot; com valor &quot;&quot;" classname="| Osasco | 1234 | Guarda | Lucas x Mirella | 17/12/2020 |  | Status não pode ser deixado em branco |" time="0"/>
  <testcase name="E o usuário preenche o campo &quot;processo_observacao&quot; do tipo &quot;INPUT&quot; com valor &quot;&quot;" classname="| Osasco | 1234 | Guarda | Lucas x Mirella | 17/12/2020 |  | Status não pode ser deixado em branco |" time="0"/>
  <testcase name="E o usuário preenche o campo &quot;processo_numero_processo&quot; do tipo &quot;INPUT&quot; com valor &quot;1234&quot;" classname="| Osasco | 1234 | Guarda | Lucas x Mirella | 17/12/2020 |  | Status não pode ser deixado em branco |" time="0"/>
  <testcase name="E o usuário preenche o campo &quot;processo_arbitramento_s&quot; do tipo &quot;RADIOBUTTON&quot; com valor &quot;Sim&quot;" classname="| Osasco | 1234 | Guarda | Lucas x Mirella | 17/12/2020 |  | Status não pode ser deixado em branco |" time="0"/>
  <testcase name="E o usuário preenche o campo &quot;processo_status&quot; do tipo &quot;INPUT&quot; com valor &quot;&quot;" classname="| Osasco | 1234 | Guarda | Lucas x Mirella | 17/12/2020 |  | Status não pode ser deixado em branco |" time="0"/>
  <testcase name="Quando o usuário clicar no botão salvar na tela de cadastro" classname="| Osasco | 1234 | Guarda | Lucas x Mirella | 17/12/2020 |  | Status não pode ser deixado em branco |" time="0"/>
  <testcase name="Então o usuário deveria ver a mensagem &quot;Status não pode ser deixado em branco&quot; na tela de cadastro" classname="| Osasco | 1234 | Guarda | Lucas x Mirella | 17/12/2020 |  | Status não pode ser deixado em branco |" time="0"/>
  <testcase name="| Osasco | 1234 | Guarda | Lucas x Mirella | 17/12/2020 |  | Status não pode ser deixado em branco |" classname="| Osasco | 1234 | Guarda | Lucas x Mirella | 17/12/2020 |  | Status não pode ser deixado em branco |" time="0.78"/>
  <testcase name="Dado que o usuário está na página inicial" classname="| Osasco | 1234 | Guarda | Lucas x Mirella |  | Aguardando | Data entrada não pode ser deixado em branco |" time="0"/>
  <testcase name="Dado que o usuário está na página inicial" classname="| Osasco | 1234 | Guarda | Lucas x Mirella |  | Aguardando | Data entrada não pode ser deixado em branco |" time="0"/>
  <testcase name="E que o usuário clica no menu Processos" classname="| Osasco | 1234 | Guarda | Lucas x Mirella |  | Aguardando | Data entrada não pode ser deixado em branco |" time="0"/>
  <testcase name="E que o usuário clica no menu Processos" classname="| Osasco | 1234 | Guarda | Lucas x Mirella |  | Aguardando | Data entrada não pode ser deixado em branco |" time="0"/>
  <testcase name="E o usuário clica no botão Novo Processo" classname="| Osasco | 1234 | Guarda | Lucas x Mirella |  | Aguardando | Data entrada não pode ser deixado em branco |" time="0.001"/>
  <testcase name="E o usuário clica no botão Novo Processo" classname="| Osasco | 1234 | Guarda | Lucas x Mirella |  | Aguardando | Data entrada não pode ser deixado em branco |" time="0"/>
  <testcase name="E o usuário preenche o campo &quot;processo_vara&quot; do tipo &quot;INPUT&quot; com valor &quot;Osasco&quot;" classname="| Osasco | 1234 | Guarda | Lucas x Mirella |  | Aguardando | Data entrada não pode ser deixado em branco |" time="0.001"/>
  <testcase name="E o usuário preenche o campo &quot;processo_vara&quot; do tipo &quot;INPUT&quot; com valor &quot;Osasco&quot;" classname="| Osasco | 1234 | Guarda | Lucas x Mirella |  | Aguardando | Data entrada não pode ser deixado em branco |" time="0"/>
  <testcase name="E o usuário preenche o campo &quot;processo_numero_processo&quot; do tipo &quot;INPUT&quot; com valor &quot;12345&quot;" classname="| Osasco | 1234 | Guarda | Lucas x Mirella |  | Aguardando | Data entrada não pode ser deixado em branco |" time="0"/>
  <testcase name="E o usuário preenche o campo &quot;processo_natureza&quot; do tipo &quot;INPUT&quot; com valor &quot;Guarda&quot;" classname="| Osasco | 1234 | Guarda | Lucas x Mirella |  | Aguardando | Data entrada não pode ser deixado em branco |" time="0"/>
  <testcase name="E o usuário preenche o campo &quot;processo_natureza&quot; do tipo &quot;INPUT&quot; com valor &quot;Guarda&quot;" classname="| Osasco | 1234 | Guarda | Lucas x Mirella |  | Aguardando | Data entrada não pode ser deixado em branco |" time="0"/>
  <testcase name="E o usuário preenche o campo &quot;processo_partes&quot; do tipo &quot;INPUT&quot; com valor &quot;Lucas x Mirella&quot;" classname="| Osasco | 1234 | Guarda | Lucas x Mirella |  | Aguardando | Data entrada não pode ser deixado em branco |" time="0"/>
  <testcase name="E o usuário preenche o campo &quot;processo_partes&quot; do tipo &quot;INPUT&quot; com valor &quot;Lucas x Mirella&quot;" classname="| Osasco | 1234 | Guarda | Lucas x Mirella |  | Aguardando | Data entrada não pode ser deixado em branco |" time="0"/>
  <testcase name="E o usuário preenche o campo &quot;processo_urgente&quot; do tipo &quot;SELECT&quot; com valor &quot;Não&quot;" classname="| Osasco | 1234 | Guarda | Lucas x Mirella |  | Aguardando | Data entrada não pode ser deixado em branco |" time="0"/>
  <testcase name="E o usuário preenche o campo &quot;processo_urgente&quot; do tipo &quot;SELECT&quot; com valor &quot;Não&quot;" classname="| Osasco | 1234 | Guarda | Lucas x Mirella |  | Aguardando | Data entrada não pode ser deixado em branco |" time="0"/>
  <testcase name="E o usuário preenche o campo &quot;processo_arbitramento_s&quot; do tipo &quot;RADIOBUTTON&quot; para informar o valor &quot;Sim&quot;" classname="| Osasco | 1234 | Guarda | Lucas x Mirella |  | Aguardando | Data entrada não pode ser deixado em branco |" time="0"/>
  <testcase name="E o usuário preenche o campo &quot;processo_assistente_social&quot; do tipo &quot;INPUT&quot; com valor &quot;Aline&quot;" classname="| Osasco | 1234 | Guarda | Lucas x Mirella |  | Aguardando | Data entrada não pode ser deixado em branco |" time="0"/>
  <testcase name="E o usuário preenche o campo &quot;processo_assistente_social&quot; do tipo &quot;INPUT&quot; com valor &quot;Aline&quot;" classname="| Osasco | 1234 | Guarda | Lucas x Mirella |  | Aguardando | Data entrada não pode ser deixado em branco |" time="0"/>
  <testcase name="E o usuário preenche o campo &quot;processo_data_entrada&quot; do tipo &quot;INPUT&quot; com valor &quot;17/12/2020&quot;" classname="| Osasco | 1234 | Guarda | Lucas x Mirella |  | Aguardando | Data entrada não pode ser deixado em branco |" time="0"/>
  <testcase name="E o usuário preenche o campo &quot;processo_data_saida&quot; do tipo &quot;INPUT&quot; com valor &quot;&quot;" classname="| Osasco | 1234 | Guarda | Lucas x Mirella |  | Aguardando | Data entrada não pode ser deixado em branco |" time="0"/>
  <testcase name="E o usuário preenche o campo &quot;processo_data_saida&quot; do tipo &quot;INPUT&quot; com valor &quot;&quot;" classname="| Osasco | 1234 | Guarda | Lucas x Mirella |  | Aguardando | Data entrada não pode ser deixado em branco |" time="0"/>
  <testcase name="E o usuário preenche o campo &quot;processo_data_agendamento&quot; do tipo &quot;INPUT&quot; com valor &quot;&quot;" classname="| Osasco | 1234 | Guarda | Lucas x Mirella |  | Aguardando | Data entrada não pode ser deixado em branco |" time="0"/>
  <testcase name="E o usuário preenche o campo &quot;processo_data_agendamento&quot; do tipo &quot;INPUT&quot; com valor &quot;&quot;" classname="| Osasco | 1234 | Guarda | Lucas x Mirella |  | Aguardando | Data entrada não pode ser deixado em branco |" time="0"/>
  <testcase name="E o usuário preenche o campo &quot;processo_status&quot; do tipo &quot;INPUT&quot; com valor &quot;Aguardando&quot;" classname="| Osasco | 1234 | Guarda | Lucas x Mirella |  | Aguardando | Data entrada não pode ser deixado em branco |" time="0"/>
  <testcase name="E o usuário preenche o campo &quot;processo_status&quot; do tipo &quot;INPUT&quot; com valor &quot;Aguardando&quot;" classname="| Osasco | 1234 | Guarda | Lucas x Mirella |  | Aguardando | Data entrada não pode ser deixado em branco |" time="0"/>
  <testcase name="E o usuário preenche o campo &quot;processo_observacao&quot; do tipo &quot;INPUT&quot; com valor &quot;&quot;" classname="| Osasco | 1234 | Guarda | Lucas x Mirella |  | Aguardando | Data entrada não pode ser deixado em branco |" time="0"/>
  <testcase name="E o usuário preenche o campo &quot;processo_observacao&quot; do tipo &quot;INPUT&quot; com valor &quot;&quot;" classname="| Osasco | 1234 | Guarda | Lucas x Mirella |  | Aguardando | Data entrada não pode ser deixado em branco |" time="0"/>
  <testcase name="E o usuário preenche o campo &quot;processo_numero_processo&quot; do tipo &quot;INPUT&quot; com valor &quot;1234&quot;" classname="| Osasco | 1234 | Guarda | Lucas x Mirella |  | Aguardando | Data entrada não pode ser deixado em branco |" time="0"/>
  <testcase name="E o usuário preenche o campo &quot;processo_arbitramento_s&quot; do tipo &quot;RADIOBUTTON&quot; com valor &quot;Sim&quot;" classname="| Osasco | 1234 | Guarda | Lucas x Mirella |  | Aguardando | Data entrada não pode ser deixado em branco |" time="0"/>
  <testcase name="E o usuário preenche o campo &quot;processo_data_entrada&quot; do tipo &quot;INPUT&quot; com valor &quot;&quot;" classname="| Osasco | 1234 | Guarda | Lucas x Mirella |  | Aguardando | Data entrada não pode ser deixado em branco |" time="0"/>
  <testcase name="Quando o usuário clicar no botão salvar na tela de cadastro" classname="| Osasco | 1234 | Guarda | Lucas x Mirella |  | Aguardando | Data entrada não pode ser deixado em branco |" time="0"/>
  <testcase name="Então o usuário deveria ver a mensagem &quot;Data entrada não pode ser deixado em branco&quot; na tela de cadastro" classname="| Osasco | 1234 | Guarda | Lucas x Mirella |  | Aguardando | Data entrada não pode ser deixado em branco |" time="0"/>
  <testcase name="| Osasco | 1234 | Guarda | Lucas x Mirella |  | Aguardando | Data entrada não pode ser deixado em branco |" classname="| Osasco | 1234 | Guarda | Lucas x Mirella |  | Aguardando | Data entrada não pode ser deixado em branco |" time="0.661"/>
  <testcase name="Dado que o usuário está na página inicial" classname="| Osasco | 1234 | Guarda |  | 17/12/2020 | Aguardando | Partes não pode ser deixado em branco |" time="0"/>
  <testcase name="Dado que o usuário está na página inicial" classname="| Osasco | 1234 | Guarda |  | 17/12/2020 | Aguardando | Partes não pode ser deixado em branco |" time="0"/>
  <testcase name="E que o usuário clica no menu Processos" classname="| Osasco | 1234 | Guarda |  | 17/12/2020 | Aguardando | Partes não pode ser deixado em branco |" time="0"/>
  <testcase name="E que o usuário clica no menu Processos" classname="| Osasco | 1234 | Guarda |  | 17/12/2020 | Aguardando | Partes não pode ser deixado em branco |" time="0"/>
  <testcase name="E o usuário clica no botão Novo Processo" classname="| Osasco | 1234 | Guarda |  | 17/12/2020 | Aguardando | Partes não pode ser deixado em branco |" time="0"/>
  <testcase name="E o usuário clica no botão Novo Processo" classname="| Osasco | 1234 | Guarda |  | 17/12/2020 | Aguardando | Partes não pode ser deixado em branco |" time="0"/>
  <testcase name="E o usuário preenche o campo &quot;processo_vara&quot; do tipo &quot;INPUT&quot; com valor &quot;Osasco&quot;" classname="| Osasco | 1234 | Guarda |  | 17/12/2020 | Aguardando | Partes não pode ser deixado em branco |" time="0"/>
  <testcase name="E o usuário preenche o campo &quot;processo_vara&quot; do tipo &quot;INPUT&quot; com valor &quot;Osasco&quot;" classname="| Osasco | 1234 | Guarda |  | 17/12/2020 | Aguardando | Partes não pode ser deixado em branco |" time="0"/>
  <testcase name="E o usuário preenche o campo &quot;processo_numero_processo&quot; do tipo &quot;INPUT&quot; com valor &quot;12345&quot;" classname="| Osasco | 1234 | Guarda |  | 17/12/2020 | Aguardando | Partes não pode ser deixado em branco |" time="0"/>
  <testcase name="E o usuário preenche o campo &quot;processo_natureza&quot; do tipo &quot;INPUT&quot; com valor &quot;Guarda&quot;" classname="| Osasco | 1234 | Guarda |  | 17/12/2020 | Aguardando | Partes não pode ser deixado em branco |" time="0"/>
  <testcase name="E o usuário preenche o campo &quot;processo_natureza&quot; do tipo &quot;INPUT&quot; com valor &quot;Guarda&quot;" classname="| Osasco | 1234 | Guarda |  | 17/12/2020 | Aguardando | Partes não pode ser deixado em branco |" time="0"/>
  <testcase name="E o usuário preenche o campo &quot;processo_partes&quot; do tipo &quot;INPUT&quot; com valor &quot;Lucas x Mirella&quot;" classname="| Osasco | 1234 | Guarda |  | 17/12/2020 | Aguardando | Partes não pode ser deixado em branco |" time="0"/>
  <testcase name="E o usuário preenche o campo &quot;processo_urgente&quot; do tipo &quot;SELECT&quot; com valor &quot;Não&quot;" classname="| Osasco | 1234 | Guarda |  | 17/12/2020 | Aguardando | Partes não pode ser deixado em branco |" time="0"/>
  <testcase name="E o usuário preenche o campo &quot;processo_urgente&quot; do tipo &quot;SELECT&quot; com valor &quot;Não&quot;" classname="| Osasco | 1234 | Guarda |  | 17/12/2020 | Aguardando | Partes não pode ser deixado em branco |" time="0"/>
  <testcase name="E o usuário preenche o campo &quot;processo_arbitramento_s&quot; do tipo &quot;RADIOBUTTON&quot; para informar o valor &quot;Sim&quot;" classname="| Osasco | 1234 | Guarda |  | 17/12/2020 | Aguardando | Partes não pode ser deixado em branco |" time="0"/>
  <testcase name="E o usuário preenche o campo &quot;processo_assistente_social&quot; do tipo &quot;INPUT&quot; com valor &quot;Aline&quot;" classname="| Osasco | 1234 | Guarda |  | 17/12/2020 | Aguardando | Partes não pode ser deixado em branco |" time="0"/>
  <testcase name="E o usuário preenche o campo &quot;processo_assistente_social&quot; do tipo &quot;INPUT&quot; com valor &quot;Aline&quot;" classname="| Osasco | 1234 | Guarda |  | 17/12/2020 | Aguardando | Partes não pode ser deixado em branco |" time="0"/>
  <testcase name="E o usuário preenche o campo &quot;processo_data_entrada&quot; do tipo &quot;INPUT&quot; com valor &quot;17/12/2020&quot;" classname="| Osasco | 1234 | Guarda |  | 17/12/2020 | Aguardando | Partes não pode ser deixado em branco |" time="0"/>
  <testcase name="E o usuário preenche o campo &quot;processo_data_entrada&quot; do tipo &quot;INPUT&quot; com valor &quot;17/12/2020&quot;" classname="| Osasco | 1234 | Guarda |  | 17/12/2020 | Aguardando | Partes não pode ser deixado em branco |" time="0"/>
  <testcase name="E o usuário preenche o campo &quot;processo_data_saida&quot; do tipo &quot;INPUT&quot; com valor &quot;&quot;" classname="| Osasco | 1234 | Guarda |  | 17/12/2020 | Aguardando | Partes não pode ser deixado em branco |" time="0"/>
  <testcase name="E o usuário preenche o campo &quot;processo_data_saida&quot; do tipo &quot;INPUT&quot; com valor &quot;&quot;" classname="| Osasco | 1234 | Guarda |  | 17/12/2020 | Aguardando | Partes não pode ser deixado em branco |" time="0"/>
  <testcase name="E o usuário preenche o campo &quot;processo_data_agendamento&quot; do tipo &quot;INPUT&quot; com valor &quot;&quot;" classname="| Osasco | 1234 | Guarda |  | 17/12/2020 | Aguardando | Partes não pode ser deixado em branco |" time="0"/>
  <testcase name="E o usuário preenche o campo &quot;processo_data_agendamento&quot; do tipo &quot;INPUT&quot; com valor &quot;&quot;" classname="| Osasco | 1234 | Guarda |  | 17/12/2020 | Aguardando | Partes não pode ser deixado em branco |" time="0"/>
  <testcase name="E o usuário preenche o campo &quot;processo_status&quot; do tipo &quot;INPUT&quot; com valor &quot;Aguardando&quot;" classname="| Osasco | 1234 | Guarda |  | 17/12/2020 | Aguardando | Partes não pode ser deixado em branco |" time="0"/>
  <testcase name="E o usuário preenche o campo &quot;processo_status&quot; do tipo &quot;INPUT&quot; com valor &quot;Aguardando&quot;" classname="| Osasco | 1234 | Guarda |  | 17/12/2020 | Aguardando | Partes não pode ser deixado em branco |" time="0"/>
  <testcase name="E o usuário preenche o campo &quot;processo_observacao&quot; do tipo &quot;INPUT&quot; com valor &quot;&quot;" classname="| Osasco | 1234 | Guarda |  | 17/12/2020 | Aguardando | Partes não pode ser deixado em branco |" time="0"/>
  <testcase name="E o usuário preenche o campo &quot;processo_observacao&quot; do tipo &quot;INPUT&quot; com valor &quot;&quot;" classname="| Osasco | 1234 | Guarda |  | 17/12/2020 | Aguardando | Partes não pode ser deixado em branco |" time="0"/>
  <testcase name="E o usuário preenche o campo &quot;processo_numero_processo&quot; do tipo &quot;INPUT&quot; com valor &quot;1234&quot;" classname="| Osasco | 1234 | Guarda |  | 17/12/2020 | Aguardando | Partes não pode ser deixado em branco |" time="0"/>
  <testcase name="E o usuário preenche o campo &quot;processo_partes&quot; do tipo &quot;INPUT&quot; com valor &quot;&quot;" classname="| Osasco | 1234 | Guarda |  | 17/12/2020 | Aguardando | Partes não pode ser deixado em branco |" time="0"/>
  <testcase name="E o usuário preenche o campo &quot;processo_arbitramento_s&quot; do tipo &quot;RADIOBUTTON&quot; com valor &quot;Sim&quot;" classname="| Osasco | 1234 | Guarda |  | 17/12/2020 | Aguardando | Partes não pode ser deixado em branco |" time="0"/>
  <testcase name="Quando o usuário clicar no botão salvar na tela de cadastro" classname="| Osasco | 1234 | Guarda |  | 17/12/2020 | Aguardando | Partes não pode ser deixado em branco |" time="0"/>
  <testcase name="Então o usuário deveria ver a mensagem &quot;Partes não pode ser deixado em branco&quot; na tela de cadastro" classname="| Osasco | 1234 | Guarda |  | 17/12/2020 | Aguardando | Partes não pode ser deixado em branco |" time="0"/>
  <testcase name="| Osasco | 1234 | Guarda |  | 17/12/2020 | Aguardando | Partes não pode ser deixado em branco |" classname="| Osasco | 1234 | Guarda |  | 17/12/2020 | Aguardando | Partes não pode ser deixado em branco |" time="0.709"/>
  <testcase name="Dado que o usuário está na página inicial" classname="| Osasco | 1234 |  | Lucas x Mirella | 17/12/2020 | Aguardando | Natureza não pode ser deixado em branco |" time="0"/>
  <testcase name="Dado que o usuário está na página inicial" classname="| Osasco | 1234 |  | Lucas x Mirella | 17/12/2020 | Aguardando | Natureza não pode ser deixado em branco |" time="0"/>
  <testcase name="E que o usuário clica no menu Processos" classname="| Osasco | 1234 |  | Lucas x Mirella | 17/12/2020 | Aguardando | Natureza não pode ser deixado em branco |" time="0"/>
  <testcase name="E que o usuário clica no menu Processos" classname="| Osasco | 1234 |  | Lucas x Mirella | 17/12/2020 | Aguardando | Natureza não pode ser deixado em branco |" time="0"/>
  <testcase name="E o usuário clica no botão Novo Processo" classname="| Osasco | 1234 |  | Lucas x Mirella | 17/12/2020 | Aguardando | Natureza não pode ser deixado em branco |" time="0"/>
  <testcase name="E o usuário clica no botão Novo Processo" classname="| Osasco | 1234 |  | Lucas x Mirella | 17/12/2020 | Aguardando | Natureza não pode ser deixado em branco |" time="0"/>
  <testcase name="E o usuário preenche o campo &quot;processo_vara&quot; do tipo &quot;INPUT&quot; com valor &quot;Osasco&quot;" classname="| Osasco | 1234 |  | Lucas x Mirella | 17/12/2020 | Aguardando | Natureza não pode ser deixado em branco |" time="0"/>
  <testcase name="E o usuário preenche o campo &quot;processo_vara&quot; do tipo &quot;INPUT&quot; com valor &quot;Osasco&quot;" classname="| Osasco | 1234 |  | Lucas x Mirella | 17/12/2020 | Aguardando | Natureza não pode ser deixado em branco |" time="0"/>
  <testcase name="E o usuário preenche o campo &quot;processo_numero_processo&quot; do tipo &quot;INPUT&quot; com valor &quot;12345&quot;" classname="| Osasco | 1234 |  | Lucas x Mirella | 17/12/2020 | Aguardando | Natureza não pode ser deixado em branco |" time="0"/>
  <testcase name="E o usuário preenche o campo &quot;processo_natureza&quot; do tipo &quot;INPUT&quot; com valor &quot;Guarda&quot;" classname="| Osasco | 1234 |  | Lucas x Mirella | 17/12/2020 | Aguardando | Natureza não pode ser deixado em branco |" time="0"/>
  <testcase name="E o usuário preenche o campo &quot;processo_partes&quot; do tipo &quot;INPUT&quot; com valor &quot;Lucas x Mirella&quot;" classname="| Osasco | 1234 |  | Lucas x Mirella | 17/12/2020 | Aguardando | Natureza não pode ser deixado em branco |" time="0"/>
  <testcase name="E o usuário preenche o campo &quot;processo_partes&quot; do tipo &quot;INPUT&quot; com valor &quot;Lucas x Mirella&quot;" classname="| Osasco | 1234 |  | Lucas x Mirella | 17/12/2020 | Aguardando | Natureza não pode ser deixado em branco |" time="0"/>
  <testcase name="E o usuário preenche o campo &quot;processo_urgente&quot; do tipo &quot;SELECT&quot; com valor &quot;Não&quot;" classname="| Osasco | 1234 |  | Lucas x Mirella | 17/12/2020 | Aguardando | Natureza não pode ser deixado em branco |" time="0"/>
  <testcase name="E o usuário preenche o campo &quot;processo_urgente&quot; do tipo &quot;SELECT&quot; com valor &quot;Não&quot;" classname="| Osasco | 1234 |  | Lucas x Mirella | 17/12/2020 | Aguardando | Natureza não pode ser deixado em branco |" time="0"/>
  <testcase name="E o usuário preenche o campo &quot;processo_arbitramento_s&quot; do tipo &quot;RADIOBUTTON&quot; para informar o valor &quot;Sim&quot;" classname="| Osasco | 1234 |  | Lucas x Mirella | 17/12/2020 | Aguardando | Natureza não pode ser deixado em branco |" time="0"/>
  <testcase name="E o usuário preenche o campo &quot;processo_assistente_social&quot; do tipo &quot;INPUT&quot; com valor &quot;Aline&quot;" classname="| Osasco | 1234 |  | Lucas x Mirella | 17/12/2020 | Aguardando | Natureza não pode ser deixado em branco |" time="0"/>
  <testcase name="E o usuário preenche o campo &quot;processo_assistente_social&quot; do tipo &quot;INPUT&quot; com valor &quot;Aline&quot;" classname="| Osasco | 1234 |  | Lucas x Mirella | 17/12/2020 | Aguardando | Natureza não pode ser deixado em branco |" time="0"/>
  <testcase name="E o usuário preenche o campo &quot;processo_data_entrada&quot; do tipo &quot;INPUT&quot; com valor &quot;17/12/2020&quot;" classname="| Osasco | 1234 |  | Lucas x Mirella | 17/12/2020 | Aguardando | Natureza não pode ser deixado em branco |" time="0"/>
  <testcase name="E o usuário preenche o campo &quot;processo_data_entrada&quot; do tipo &quot;INPUT&quot; com valor &quot;17/12/2020&quot;" classname="| Osasco | 1234 |  | Lucas x Mirella | 17/12/2020 | Aguardando | Natureza não pode ser deixado em branco |" time="0"/>
  <testcase name="E o usuário preenche o campo &quot;processo_data_saida&quot; do tipo &quot;INPUT&quot; com valor &quot;&quot;" classname="| Osasco | 1234 |  | Lucas x Mirella | 17/12/2020 | Aguardando | Natureza não pode ser deixado em branco |" time="0"/>
  <testcase name="E o usuário preenche o campo &quot;processo_data_saida&quot; do tipo &quot;INPUT&quot; com valor &quot;&quot;" classname="| Osasco | 1234 |  | Lucas x Mirella | 17/12/2020 | Aguardando | Natureza não pode ser deixado em branco |" time="0"/>
  <testcase name="E o usuário preenche o campo &quot;processo_data_agendamento&quot; do tipo &quot;INPUT&quot; com valor &quot;&quot;" classname="| Osasco | 1234 |  | Lucas x Mirella | 17/12/2020 | Aguardando | Natureza não pode ser deixado em branco |" time="0"/>
  <testcase name="E o usuário preenche o campo &quot;processo_data_agendamento&quot; do tipo &quot;INPUT&quot; com valor &quot;&quot;" classname="| Osasco | 1234 |  | Lucas x Mirella | 17/12/2020 | Aguardando | Natureza não pode ser deixado em branco |" time="0"/>
  <testcase name="E o usuário preenche o campo &quot;processo_status&quot; do tipo &quot;INPUT&quot; com valor &quot;Aguardando&quot;" classname="| Osasco | 1234 |  | Lucas x Mirella | 17/12/2020 | Aguardando | Natureza não pode ser deixado em branco |" time="0"/>
  <testcase name="E o usuário preenche o campo &quot;processo_status&quot; do tipo &quot;INPUT&quot; com valor &quot;Aguardando&quot;" classname="| Osasco | 1234 |  | Lucas x Mirella | 17/12/2020 | Aguardando | Natureza não pode ser deixado em branco |" time="0"/>
  <testcase name="E o usuário preenche o campo &quot;processo_observacao&quot; do tipo &quot;INPUT&quot; com valor &quot;&quot;" classname="| Osasco | 1234 |  | Lucas x Mirella | 17/12/2020 | Aguardando | Natureza não pode ser deixado em branco |" time="0"/>
  <testcase name="E o usuário preenche o campo &quot;processo_observacao&quot; do tipo &quot;INPUT&quot; com valor &quot;&quot;" classname="| Osasco | 1234 |  | Lucas x Mirella | 17/12/2020 | Aguardando | Natureza não pode ser deixado em branco |" time="0"/>
  <testcase name="E o usuário preenche o campo &quot;processo_numero_processo&quot; do tipo &quot;INPUT&quot; com valor &quot;1234&quot;" classname="| Osasco | 1234 |  | Lucas x Mirella | 17/12/2020 | Aguardando | Natureza não pode ser deixado em branco |" time="0"/>
  <testcase name="E o usuário preenche o campo &quot;processo_natureza&quot; do tipo &quot;INPUT&quot; com valor &quot;&quot;" classname="| Osasco | 1234 |  | Lucas x Mirella | 17/12/2020 | Aguardando | Natureza não pode ser deixado em branco |" time="0"/>
  <testcase name="E o usuário preenche o campo &quot;processo_arbitramento_s&quot; do tipo &quot;RADIOBUTTON&quot; com valor &quot;Sim&quot;" classname="| Osasco | 1234 |  | Lucas x Mirella | 17/12/2020 | Aguardando | Natureza não pode ser deixado em branco |" time="0"/>
  <testcase name="Quando o usuário clicar no botão salvar na tela de cadastro" classname="| Osasco | 1234 |  | Lucas x Mirella | 17/12/2020 | Aguardando | Natureza não pode ser deixado em branco |" time="0"/>
  <testcase name="Então o usuário deveria ver a mensagem &quot;Natureza não pode ser deixado em branco&quot; na tela de cadastro" classname="| Osasco | 1234 |  | Lucas x Mirella | 17/12/2020 | Aguardando | Natureza não pode ser deixado em branco |" time="0"/>
  <testcase name="| Osasco | 1234 |  | Lucas x Mirella | 17/12/2020 | Aguardando | Natureza não pode ser deixado em branco |" classname="| Osasco | 1234 |  | Lucas x Mirella | 17/12/2020 | Aguardando | Natureza não pode ser deixado em branco |" time="0.788"/>
  <testcase name="Dado que o usuário está na página inicial" classname="| Osasco |  | Guarda | Lucas x Mirella | 17/12/2020 | Aguardando | Numero processo não pode ser deixado em branco |" time="0"/>
  <testcase name="Dado que o usuário está na página inicial" classname="| Osasco |  | Guarda | Lucas x Mirella | 17/12/2020 | Aguardando | Numero processo não pode ser deixado em branco |" time="0"/>
  <testcase name="E que o usuário clica no menu Processos" classname="| Osasco |  | Guarda | Lucas x Mirella | 17/12/2020 | Aguardando | Numero processo não pode ser deixado em branco |" time="0"/>
  <testcase name="E que o usuário clica no menu Processos" classname="| Osasco |  | Guarda | Lucas x Mirella | 17/12/2020 | Aguardando | Numero processo não pode ser deixado em branco |" time="0"/>
  <testcase name="E o usuário clica no botão Novo Processo" classname="| Osasco |  | Guarda | Lucas x Mirella | 17/12/2020 | Aguardando | Numero processo não pode ser deixado em branco |" time="0"/>
  <testcase name="E o usuário clica no botão Novo Processo" classname="| Osasco |  | Guarda | Lucas x Mirella | 17/12/2020 | Aguardando | Numero processo não pode ser deixado em branco |" time="0"/>
  <testcase name="E o usuário preenche o campo &quot;processo_vara&quot; do tipo &quot;INPUT&quot; com valor &quot;Osasco&quot;" classname="| Osasco |  | Guarda | Lucas x Mirella | 17/12/2020 | Aguardando | Numero processo não pode ser deixado em branco |" time="0"/>
  <testcase name="E o usuário preenche o campo &quot;processo_vara&quot; do tipo &quot;INPUT&quot; com valor &quot;Osasco&quot;" classname="| Osasco |  | Guarda | Lucas x Mirella | 17/12/2020 | Aguardando | Numero processo não pode ser deixado em branco |" time="0"/>
  <testcase name="E o usuário preenche o campo &quot;processo_numero_processo&quot; do tipo &quot;INPUT&quot; com valor &quot;12345&quot;" classname="| Osasco |  | Guarda | Lucas x Mirella | 17/12/2020 | Aguardando | Numero processo não pode ser deixado em branco |" time="0"/>
  <testcase name="E o usuário preenche o campo &quot;processo_natureza&quot; do tipo &quot;INPUT&quot; com valor &quot;Guarda&quot;" classname="| Osasco |  | Guarda | Lucas x Mirella | 17/12/2020 | Aguardando | Numero processo não pode ser deixado em branco |" time="0"/>
  <testcase name="E o usuário preenche o campo &quot;processo_natureza&quot; do tipo &quot;INPUT&quot; com valor &quot;Guarda&quot;" classname="| Osasco |  | Guarda | Lucas x Mirella | 17/12/2020 | Aguardando | Numero processo não pode ser deixado em branco |" time="0"/>
  <testcase name="E o usuário preenche o campo &quot;processo_partes&quot; do tipo &quot;INPUT&quot; com valor &quot;Lucas x Mirella&quot;" classname="| Osasco |  | Guarda | Lucas x Mirella | 17/12/2020 | Aguardando | Numero processo não pode ser deixado em branco |" time="0"/>
  <testcase name="E o usuário preenche o campo &quot;processo_partes&quot; do tipo &quot;INPUT&quot; com valor &quot;Lucas x Mirella&quot;" classname="| Osasco |  | Guarda | Lucas x Mirella | 17/12/2020 | Aguardando | Numero processo não pode ser deixado em branco |" time="0"/>
  <testcase name="E o usuário preenche o campo &quot;processo_urgente&quot; do tipo &quot;SELECT&quot; com valor &quot;Não&quot;" classname="| Osasco |  | Guarda | Lucas x Mirella | 17/12/2020 | Aguardando | Numero processo não pode ser deixado em branco |" time="0"/>
  <testcase name="E o usuário preenche o campo &quot;processo_urgente&quot; do tipo &quot;SELECT&quot; com valor &quot;Não&quot;" classname="| Osasco |  | Guarda | Lucas x Mirella | 17/12/2020 | Aguardando | Numero processo não pode ser deixado em branco |" time="0"/>
  <testcase name="E o usuário preenche o campo &quot;processo_arbitramento_s&quot; do tipo &quot;RADIOBUTTON&quot; para informar o valor &quot;Sim&quot;" classname="| Osasco |  | Guarda | Lucas x Mirella | 17/12/2020 | Aguardando | Numero processo não pode ser deixado em branco |" time="0"/>
  <testcase name="E o usuário preenche o campo &quot;processo_assistente_social&quot; do tipo &quot;INPUT&quot; com valor &quot;Aline&quot;" classname="| Osasco |  | Guarda | Lucas x Mirella | 17/12/2020 | Aguardando | Numero processo não pode ser deixado em branco |" time="0"/>
  <testcase name="E o usuário preenche o campo &quot;processo_assistente_social&quot; do tipo &quot;INPUT&quot; com valor &quot;Aline&quot;" classname="| Osasco |  | Guarda | Lucas x Mirella | 17/12/2020 | Aguardando | Numero processo não pode ser deixado em branco |" time="0"/>
  <testcase name="E o usuário preenche o campo &quot;processo_data_entrada&quot; do tipo &quot;INPUT&quot; com valor &quot;17/12/2020&quot;" classname="| Osasco |  | Guarda | Lucas x Mirella | 17/12/2020 | Aguardando | Numero processo não pode ser deixado em branco |" time="0"/>
  <testcase name="E o usuário preenche o campo &quot;processo_data_entrada&quot; do tipo &quot;INPUT&quot; com valor &quot;17/12/2020&quot;" classname="| Osasco |  | Guarda | Lucas x Mirella | 17/12/2020 | Aguardando | Numero processo não pode ser deixado em branco |" time="0"/>
  <testcase name="E o usuário preenche o campo &quot;processo_data_saida&quot; do tipo &quot;INPUT&quot; com valor &quot;&quot;" classname="| Osasco |  | Guarda | Lucas x Mirella | 17/12/2020 | Aguardando | Numero processo não pode ser deixado em branco |" time="0"/>
  <testcase name="E o usuário preenche o campo &quot;processo_data_saida&quot; do tipo &quot;INPUT&quot; com valor &quot;&quot;" classname="| Osasco |  | Guarda | Lucas x Mirella | 17/12/2020 | Aguardando | Numero processo não pode ser deixado em branco |" time="0"/>
  <testcase name="E o usuário preenche o campo &quot;processo_data_agendamento&quot; do tipo &quot;INPUT&quot; com valor &quot;&quot;" classname="| Osasco |  | Guarda | Lucas x Mirella | 17/12/2020 | Aguardando | Numero processo não pode ser deixado em branco |" time="0"/>
  <testcase name="E o usuário preenche o campo &quot;processo_data_agendamento&quot; do tipo &quot;INPUT&quot; com valor &quot;&quot;" classname="| Osasco |  | Guarda | Lucas x Mirella | 17/12/2020 | Aguardando | Numero processo não pode ser deixado em branco |" time="0"/>
  <testcase name="E o usuário preenche o campo &quot;processo_status&quot; do tipo &quot;INPUT&quot; com valor &quot;Aguardando&quot;" classname="| Osasco |  | Guarda | Lucas x Mirella | 17/12/2020 | Aguardando | Numero processo não pode ser deixado em branco |" time="0"/>
  <testcase name="E o usuário preenche o campo &quot;processo_status&quot; do tipo &quot;INPUT&quot; com valor &quot;Aguardando&quot;" classname="| Osasco |  | Guarda | Lucas x Mirella | 17/12/2020 | Aguardando | Numero processo não pode ser deixado em branco |" time="0"/>
  <testcase name="E o usuário preenche o campo &quot;processo_observacao&quot; do tipo &quot;INPUT&quot; com valor &quot;&quot;" classname="| Osasco |  | Guarda | Lucas x Mirella | 17/12/2020 | Aguardando | Numero processo não pode ser deixado em branco |" time="0"/>
  <testcase name="E o usuário preenche o campo &quot;processo_observacao&quot; do tipo &quot;INPUT&quot; com valor &quot;&quot;" classname="| Osasco |  | Guarda | Lucas x Mirella | 17/12/2020 | Aguardando | Numero processo não pode ser deixado em branco |" time="0"/>
  <testcase name="E o usuário preenche o campo &quot;processo_numero_processo&quot; do tipo &quot;INPUT&quot; com valor &quot;&quot;" classname="| Osasco |  | Guarda | Lucas x Mirella | 17/12/2020 | Aguardando | Numero processo não pode ser deixado em branco |" time="0"/>
  <testcase name="E o usuário preenche o campo &quot;processo_arbitramento_s&quot; do tipo &quot;RADIOBUTTON&quot; com valor &quot;Sim&quot;" classname="| Osasco |  | Guarda | Lucas x Mirella | 17/12/2020 | Aguardando | Numero processo não pode ser deixado em branco |" time="0"/>
  <testcase name="Quando o usuário clicar no botão salvar na tela de cadastro" classname="| Osasco |  | Guarda | Lucas x Mirella | 17/12/2020 | Aguardando | Numero processo não pode ser deixado em branco |" time="0"/>
  <testcase name="Então o usuário deveria ver a mensagem &quot;Numero processo não pode ser deixado em branco&quot; na tela de cadastro" classname="| Osasco |  | Guarda | Lucas x Mirella | 17/12/2020 | Aguardando | Numero processo não pode ser deixado em branco |" time="0"/>
  <testcase name="| Osasco |  | Guarda | Lucas x Mirella | 17/12/2020 | Aguardando | Numero processo não pode ser deixado em branco |" classname="| Osasco |  | Guarda | Lucas x Mirella | 17/12/2020 | Aguardando | Numero processo não pode ser deixado em branco |" time="0.698"/>
  <testcase name="Dado que o usuário está na página inicial" classname="|  | 1234 | Guarda | Lucas x Mirella | 17/12/2020 | Aguardando | Vara não pode ser deixado em branco |" time="0"/>
  <testcase name="Dado que o usuário está na página inicial" classname="|  | 1234 | Guarda | Lucas x Mirella | 17/12/2020 | Aguardando | Vara não pode ser deixado em branco |" time="0"/>
  <testcase name="E que o usuário clica no menu Processos" classname="|  | 1234 | Guarda | Lucas x Mirella | 17/12/2020 | Aguardando | Vara não pode ser deixado em branco |" time="0"/>
  <testcase name="E que o usuário clica no menu Processos" classname="|  | 1234 | Guarda | Lucas x Mirella | 17/12/2020 | Aguardando | Vara não pode ser deixado em branco |" time="0"/>
  <testcase name="E o usuário clica no botão Novo Processo" classname="|  | 1234 | Guarda | Lucas x Mirella | 17/12/2020 | Aguardando | Vara não pode ser deixado em branco |" time="0"/>
  <testcase name="E o usuário clica no botão Novo Processo" classname="|  | 1234 | Guarda | Lucas x Mirella | 17/12/2020 | Aguardando | Vara não pode ser deixado em branco |" time="0"/>
  <testcase name="E o usuário preenche o campo &quot;processo_vara&quot; do tipo &quot;INPUT&quot; com valor &quot;Osasco&quot;" classname="|  | 1234 | Guarda | Lucas x Mirella | 17/12/2020 | Aguardando | Vara não pode ser deixado em branco |" time="0"/>
  <testcase name="E o usuário preenche o campo &quot;processo_numero_processo&quot; do tipo &quot;INPUT&quot; com valor &quot;12345&quot;" classname="|  | 1234 | Guarda | Lucas x Mirella | 17/12/2020 | Aguardando | Vara não pode ser deixado em branco |" time="0"/>
  <testcase name="E o usuário preenche o campo &quot;processo_natureza&quot; do tipo &quot;INPUT&quot; com valor &quot;Guarda&quot;" classname="|  | 1234 | Guarda | Lucas x Mirella | 17/12/2020 | Aguardando | Vara não pode ser deixado em branco |" time="0"/>
  <testcase name="E o usuário preenche o campo &quot;processo_natureza&quot; do tipo &quot;INPUT&quot; com valor &quot;Guarda&quot;" classname="|  | 1234 | Guarda | Lucas x Mirella | 17/12/2020 | Aguardando | Vara não pode ser deixado em branco |" time="0"/>
  <testcase name="E o usuário preenche o campo &quot;processo_partes&quot; do tipo &quot;INPUT&quot; com valor &quot;Lucas x Mirella&quot;" classname="|  | 1234 | Guarda | Lucas x Mirella | 17/12/2020 | Aguardando | Vara não pode ser deixado em branco |" time="0"/>
  <testcase name="E o usuário preenche o campo &quot;processo_partes&quot; do tipo &quot;INPUT&quot; com valor &quot;Lucas x Mirella&quot;" classname="|  | 1234 | Guarda | Lucas x Mirella | 17/12/2020 | Aguardando | Vara não pode ser deixado em branco |" time="0"/>
  <testcase name="E o usuário preenche o campo &quot;processo_urgente&quot; do tipo &quot;SELECT&quot; com valor &quot;Não&quot;" classname="|  | 1234 | Guarda | Lucas x Mirella | 17/12/2020 | Aguardando | Vara não pode ser deixado em branco |" time="0"/>
  <testcase name="E o usuário preenche o campo &quot;processo_urgente&quot; do tipo &quot;SELECT&quot; com valor &quot;Não&quot;" classname="|  | 1234 | Guarda | Lucas x Mirella | 17/12/2020 | Aguardando | Vara não pode ser deixado em branco |" time="0"/>
  <testcase name="E o usuário preenche o campo &quot;processo_arbitramento_s&quot; do tipo &quot;RADIOBUTTON&quot; para informar o valor &quot;Sim&quot;" classname="|  | 1234 | Guarda | Lucas x Mirella | 17/12/2020 | Aguardando | Vara não pode ser deixado em branco |" time="0"/>
  <testcase name="E o usuário preenche o campo &quot;processo_assistente_social&quot; do tipo &quot;INPUT&quot; com valor &quot;Aline&quot;" classname="|  | 1234 | Guarda | Lucas x Mirella | 17/12/2020 | Aguardando | Vara não pode ser deixado em branco |" time="0"/>
  <testcase name="E o usuário preenche o campo &quot;processo_assistente_social&quot; do tipo &quot;INPUT&quot; com valor &quot;Aline&quot;" classname="|  | 1234 | Guarda | Lucas x Mirella | 17/12/2020 | Aguardando | Vara não pode ser deixado em branco |" time="0"/>
  <testcase name="E o usuário preenche o campo &quot;processo_data_entrada&quot; do tipo &quot;INPUT&quot; com valor &quot;17/12/2020&quot;" classname="|  | 1234 | Guarda | Lucas x Mirella | 17/12/2020 | Aguardando | Vara não pode ser deixado em branco |" time="0"/>
  <testcase name="E o usuário preenche o campo &quot;processo_data_entrada&quot; do tipo &quot;INPUT&quot; com valor &quot;17/12/2020&quot;" classname="|  | 1234 | Guarda | Lucas x Mirella | 17/12/2020 | Aguardando | Vara não pode ser deixado em branco |" time="0"/>
  <testcase name="E o usuário preenche o campo &quot;processo_data_saida&quot; do tipo &quot;INPUT&quot; com valor &quot;&quot;" classname="|  | 1234 | Guarda | Lucas x Mirella | 17/12/2020 | Aguardando | Vara não pode ser deixado em branco |" time="0"/>
  <testcase name="E o usuário preenche o campo &quot;processo_data_saida&quot; do tipo &quot;INPUT&quot; com valor &quot;&quot;" classname="|  | 1234 | Guarda | Lucas x Mirella | 17/12/2020 | Aguardando | Vara não pode ser deixado em branco |" time="0"/>
  <testcase name="E o usuário preenche o campo &quot;processo_data_agendamento&quot; do tipo &quot;INPUT&quot; com valor &quot;&quot;" classname="|  | 1234 | Guarda | Lucas x Mirella | 17/12/2020 | Aguardando | Vara não pode ser deixado em branco |" time="0"/>
  <testcase name="E o usuário preenche o campo &quot;processo_data_agendamento&quot; do tipo &quot;INPUT&quot; com valor &quot;&quot;" classname="|  | 1234 | Guarda | Lucas x Mirella | 17/12/2020 | Aguardando | Vara não pode ser deixado em branco |" time="0"/>
  <testcase name="E o usuário preenche o campo &quot;processo_status&quot; do tipo &quot;INPUT&quot; com valor &quot;Aguardando&quot;" classname="|  | 1234 | Guarda | Lucas x Mirella | 17/12/2020 | Aguardando | Vara não pode ser deixado em branco |" time="0"/>
  <testcase name="E o usuário preenche o campo &quot;processo_status&quot; do tipo &quot;INPUT&quot; com valor &quot;Aguardando&quot;" classname="|  | 1234 | Guarda | Lucas x Mirella | 17/12/2020 | Aguardando | Vara não pode ser deixado em branco |" time="0"/>
  <testcase name="E o usuário preenche o campo &quot;processo_observacao&quot; do tipo &quot;INPUT&quot; com valor &quot;&quot;" classname="|  | 1234 | Guarda | Lucas x Mirella | 17/12/2020 | Aguardando | Vara não pode ser deixado em branco |" time="0"/>
  <testcase name="E o usuário preenche o campo &quot;processo_observacao&quot; do tipo &quot;INPUT&quot; com valor &quot;&quot;" classname="|  | 1234 | Guarda | Lucas x Mirella | 17/12/2020 | Aguardando | Vara não pode ser deixado em branco |" time="0.001"/>
  <testcase name="E o usuário preenche o campo &quot;processo_vara&quot; do tipo &quot;INPUT&quot; com valor &quot;&quot;" classname="|  | 1234 | Guarda | Lucas x Mirella | 17/12/2020 | Aguardando | Vara não pode ser deixado em branco |" time="0"/>
  <testcase name="E o usuário preenche o campo &quot;processo_numero_processo&quot; do tipo &quot;INPUT&quot; com valor &quot;1234&quot;" classname="|  | 1234 | Guarda | Lucas x Mirella | 17/12/2020 | Aguardando | Vara não pode ser deixado em branco |" time="0.001"/>
  <testcase name="E o usuário preenche o campo &quot;processo_arbitramento_s&quot; do tipo &quot;RADIOBUTTON&quot; com valor &quot;Sim&quot;" classname="|  | 1234 | Guarda | Lucas x Mirella | 17/12/2020 | Aguardando | Vara não pode ser deixado em branco |" time="0"/>
  <testcase name="Quando o usuário clicar no botão salvar na tela de cadastro" classname="|  | 1234 | Guarda | Lucas x Mirella | 17/12/2020 | Aguardando | Vara não pode ser deixado em branco |" time="0"/>
  <testcase name="Então o usuário deveria ver a mensagem &quot;Vara não pode ser deixado em branco&quot; na tela de cadastro" classname="|  | 1234 | Guarda | Lucas x Mirella | 17/12/2020 | Aguardando | Vara não pode ser deixado em branco |" time="0"/>
  <testcase name="|  | 1234 | Guarda | Lucas x Mirella | 17/12/2020 | Aguardando | Vara não pode ser deixado em branco |" classname="|  | 1234 | Guarda | Lucas x Mirella | 17/12/2020 | Aguardando | Vara não pode ser deixado em branco |" time="0.748"/>
  <testcase name="Dado que o usuário está na página inicial" classname="| Osasco | 1234 | Guarda | Lucas x Mirella | Invalida | Aguardando | Data entrada não pode ser deixado em branco |" time="0"/>
  <testcase name="Dado que o usuário está na página inicial" classname="| Osasco | 1234 | Guarda | Lucas x Mirella | Invalida | Aguardando | Data entrada não pode ser deixado em branco |" time="0"/>
  <testcase name="E que o usuário clica no menu Processos" classname="| Osasco | 1234 | Guarda | Lucas x Mirella | Invalida | Aguardando | Data entrada não pode ser deixado em branco |" time="0"/>
  <testcase name="E que o usuário clica no menu Processos" classname="| Osasco | 1234 | Guarda | Lucas x Mirella | Invalida | Aguardando | Data entrada não pode ser deixado em branco |" time="0"/>
  <testcase name="E o usuário clica no botão Novo Processo" classname="| Osasco | 1234 | Guarda | Lucas x Mirella | Invalida | Aguardando | Data entrada não pode ser deixado em branco |" time="0"/>
  <testcase name="E o usuário clica no botão Novo Processo" classname="| Osasco | 1234 | Guarda | Lucas x Mirella | Invalida | Aguardando | Data entrada não pode ser deixado em branco |" time="0"/>
  <testcase name="E o usuário preenche o campo &quot;processo_vara&quot; do tipo &quot;INPUT&quot; com valor &quot;Osasco&quot;" classname="| Osasco | 1234 | Guarda | Lucas x Mirella | Invalida | Aguardando | Data entrada não pode ser deixado em branco |" time="0"/>
  <testcase name="E o usuário preenche o campo &quot;processo_vara&quot; do tipo &quot;INPUT&quot; com valor &quot;Osasco&quot;" classname="| Osasco | 1234 | Guarda | Lucas x Mirella | Invalida | Aguardando | Data entrada não pode ser deixado em branco |" time="0"/>
  <testcase name="E o usuário preenche o campo &quot;processo_numero_processo&quot; do tipo &quot;INPUT&quot; com valor &quot;12345&quot;" classname="| Osasco | 1234 | Guarda | Lucas x Mirella | Invalida | Aguardando | Data entrada não pode ser deixado em branco |" time="0"/>
  <testcase name="E o usuário preenche o campo &quot;processo_natureza&quot; do tipo &quot;INPUT&quot; com valor &quot;Guarda&quot;" classname="| Osasco | 1234 | Guarda | Lucas x Mirella | Invalida | Aguardando | Data entrada não pode ser deixado em branco |" time="0"/>
  <testcase name="E o usuário preenche o campo &quot;processo_natureza&quot; do tipo &quot;INPUT&quot; com valor &quot;Guarda&quot;" classname="| Osasco | 1234 | Guarda | Lucas x Mirella | Invalida | Aguardando | Data entrada não pode ser deixado em branco |" time="0"/>
  <testcase name="E o usuário preenche o campo &quot;processo_partes&quot; do tipo &quot;INPUT&quot; com valor &quot;Lucas x Mirella&quot;" classname="| Osasco | 1234 | Guarda | Lucas x Mirella | Invalida | Aguardando | Data entrada não pode ser deixado em branco |" time="0"/>
  <testcase name="E o usuário preenche o campo &quot;processo_partes&quot; do tipo &quot;INPUT&quot; com valor &quot;Lucas x Mirella&quot;" classname="| Osasco | 1234 | Guarda | Lucas x Mirella | Invalida | Aguardando | Data entrada não pode ser deixado em branco |" time="0"/>
  <testcase name="E o usuário preenche o campo &quot;processo_urgente&quot; do tipo &quot;SELECT&quot; com valor &quot;Não&quot;" classname="| Osasco | 1234 | Guarda | Lucas x Mirella | Invalida | Aguardando | Data entrada não pode ser deixado em branco |" time="0"/>
  <testcase name="E o usuário preenche o campo &quot;processo_urgente&quot; do tipo &quot;SELECT&quot; com valor &quot;Não&quot;" classname="| Osasco | 1234 | Guarda | Lucas x Mirella | Invalida | Aguardando | Data entrada não pode ser deixado em branco |" time="0"/>
  <testcase name="E o usuário preenche o campo &quot;processo_arbitramento_s&quot; do tipo &quot;RADIOBUTTON&quot; para informar o valor &quot;Sim&quot;" classname="| Osasco | 1234 | Guarda | Lucas x Mirella | Invalida | Aguardando | Data entrada não pode ser deixado em branco |" time="0"/>
  <testcase name="E o usuário preenche o campo &quot;processo_assistente_social&quot; do tipo &quot;INPUT&quot; com valor &quot;Aline&quot;" classname="| Osasco | 1234 | Guarda | Lucas x Mirella | Invalida | Aguardando | Data entrada não pode ser deixado em branco |" time="0"/>
  <testcase name="E o usuário preenche o campo &quot;processo_assistente_social&quot; do tipo &quot;INPUT&quot; com valor &quot;Aline&quot;" classname="| Osasco | 1234 | Guarda | Lucas x Mirella | Invalida | Aguardando | Data entrada não pode ser deixado em branco |" time="0"/>
  <testcase name="E o usuário preenche o campo &quot;processo_data_entrada&quot; do tipo &quot;INPUT&quot; com valor &quot;17/12/2020&quot;" classname="| Osasco | 1234 | Guarda | Lucas x Mirella | Invalida | Aguardando | Data entrada não pode ser deixado em branco |" time="0"/>
  <testcase name="E o usuário preenche o campo &quot;processo_data_saida&quot; do tipo &quot;INPUT&quot; com valor &quot;&quot;" classname="| Osasco | 1234 | Guarda | Lucas x Mirella | Invalida | Aguardando | Data entrada não pode ser deixado em branco |" time="0"/>
  <testcase name="E o usuário preenche o campo &quot;processo_data_saida&quot; do tipo &quot;INPUT&quot; com valor &quot;&quot;" classname="| Osasco | 1234 | Guarda | Lucas x Mirella | Invalida | Aguardando | Data entrada não pode ser deixado em branco |" time="0"/>
  <testcase name="E o usuário preenche o campo &quot;processo_data_agendamento&quot; do tipo &quot;INPUT&quot; com valor &quot;&quot;" classname="| Osasco | 1234 | Guarda | Lucas x Mirella | Invalida | Aguardando | Data entrada não pode ser deixado em branco |" time="0"/>
  <testcase name="E o usuário preenche o campo &quot;processo_data_agendamento&quot; do tipo &quot;INPUT&quot; com valor &quot;&quot;" classname="| Osasco | 1234 | Guarda | Lucas x Mirella | Invalida | Aguardando | Data entrada não pode ser deixado em branco |" time="0.001"/>
  <testcase name="E o usuário preenche o campo &quot;processo_status&quot; do tipo &quot;INPUT&quot; com valor &quot;Aguardando&quot;" classname="| Osasco | 1234 | Guarda | Lucas x Mirella | Invalida | Aguardando | Data entrada não pode ser deixado em branco |" time="0"/>
  <testcase name="E o usuário preenche o campo &quot;processo_status&quot; do tipo &quot;INPUT&quot; com valor &quot;Aguardando&quot;" classname="| Osasco | 1234 | Guarda | Lucas x Mirella | Invalida | Aguardando | Data entrada não pode ser deixado em branco |" time="0"/>
  <testcase name="E o usuário preenche o campo &quot;processo_observacao&quot; do tipo &quot;INPUT&quot; com valor &quot;&quot;" classname="| Osasco | 1234 | Guarda | Lucas x Mirella | Invalida | Aguardando | Data entrada não pode ser deixado em branco |" time="0"/>
  <testcase name="E o usuário preenche o campo &quot;processo_observacao&quot; do tipo &quot;INPUT&quot; com valor &quot;&quot;" classname="| Osasco | 1234 | Guarda | Lucas x Mirella | Invalida | Aguardando | Data entrada não pode ser deixado em branco |" time="0.001"/>
  <testcase name="E o usuário preenche o campo &quot;processo_numero_processo&quot; do tipo &quot;INPUT&quot; com valor &quot;1234&quot;" classname="| Osasco | 1234 | Guarda | Lucas x Mirella | Invalida | Aguardando | Data entrada não pode ser deixado em branco |" time="0"/>
  <testcase name="E o usuário preenche o campo &quot;processo_arbitramento_s&quot; do tipo &quot;RADIOBUTTON&quot; com valor &quot;Sim&quot;" classname="| Osasco | 1234 | Guarda | Lucas x Mirella | Invalida | Aguardando | Data entrada não pode ser deixado em branco |" time="0"/>
  <testcase name="E o usuário preenche o campo &quot;processo_data_entrada&quot; do tipo &quot;INPUT&quot; com valor &quot;Invalida&quot;" classname="| Osasco | 1234 | Guarda | Lucas x Mirella | Invalida | Aguardando | Data entrada não pode ser deixado em branco |" time="0"/>
  <testcase name="Quando o usuário clicar no botão salvar na tela de cadastro" classname="| Osasco | 1234 | Guarda | Lucas x Mirella | Invalida | Aguardando | Data entrada não pode ser deixado em branco |" time="0"/>
  <testcase name="Então o usuário deveria ver a mensagem &quot;Data entrada não pode ser deixado em branco&quot; na tela de cadastro" classname="| Osasco | 1234 | Guarda | Lucas x Mirella | Invalida | Aguardando | Data entrada não pode ser deixado em branco |" time="0"/>
  <testcase name="| Osasco | 1234 | Guarda | Lucas x Mirella | Invalida | Aguardando | Data entrada não pode ser deixado em branco |" classname="| Osasco | 1234 | Guarda | Lucas x Mirella | Invalida | Aguardando | Data entrada não pode ser deixado em branco |" time="0.799"/>
</testsuite>